<?xml version="1.0" encoding="UTF-8"?>
<!-- Generated by org.testng.reporters.JUnitReportReporter -->
<testsuite skipped="0" hostname="DESKTOP-B7R9GQG" name="qaclickacademy.SeleniumTest" tests="2" failures="0" timestamp="15 Apr 2021 15:12:27 GMT" time="0.007" errors="0">
  <testcase name="BrowserAUtomation" time="0.007" classname="qaclickacademy.SeleniumTest"/>
  <testcase name="elementsUi" time="0.000" classname="qaclickacademy.SeleniumTest"/>
</testsuite> <!-- qaclickacademy.SeleniumTest -->
